MobileTouchControl/Intermediate/Android/APK/gradle/app/build/outputs/logs/manifest-merger-debug-report.txt
-- Merging decision tree log ---
manifest
ADDED from src\main\AndroidManifest.xml:1:1-43:12
	package
		ADDED from src\main\AndroidManifest.xml:1:70-114
		INJECTED from src\main\AndroidManifest.xml
		INJECTED from src\main\AndroidManifest.xml
	android:versionName
		ADDED from src\main\AndroidManifest.xml:1:170-195
		INJECTED from src\main\AndroidManifest.xml
		INJECTED from src\main\AndroidManifest.xml
	android:versionCode
		ADDED from src\main\AndroidManifest.xml:1:146-169
		INJECTED from src\main\AndroidManifest.xml
		INJECTED from src\main\AndroidManifest.xml
	xmlns:android
		ADDED from src\main\AndroidManifest.xml:1:11-69
	android:installLocation
		ADDED from src\main\AndroidManifest.xml:1:115-145
application
ADDED from src\main\AndroidManifest.xml:3:3-28:17
MERGED from [com.google.android.gms:play-services-ads-lite:9.8.0] AndroidManifest.xml:23:5-27:19
MERGED from [com.google.android.gms:play-services-clearcut:9.8.0] AndroidManifest.xml:18:5-19
MERGED from [com.google.android.gms:play-services-gass:9.8.0] AndroidManifest.xml:4:5-19
MERGED from [com.google.android.gms:play-services-auth:9.8.0] AndroidManifest.xml:19:5-25:19
MERGED from [com.google.android.gms:play-services-games:9.8.0] AndroidManifest.xml:18:5-19
MERGED from [com.google.android.gms:play-services-drive:9.8.0] AndroidManifest.xml:18:5-19
MERGED from [com.google.android.gms:play-services-nearby:9.8.0] AndroidManifest.xml:5:5-19
MERGED from [com.google.android.gms:play-services-plus:9.8.0] AndroidManifest.xml:18:5-19
MERGED from [com.google.android.gms:play-services-base:9.8.0] AndroidManifest.xml:18:5-20:19
MERGED from [com.google.android.gms:play-services-tasks:9.8.0] AndroidManifest.xml:4:5-19
MERGED from [com.google.android.gms:play-services-basement:9.8.0] AndroidManifest.xml:19:5-21:19
MERGED from [com.android.support:support-v13:25.0.0] AndroidManifest.xml:25:5-20
MERGED from [com.android.support:support-v4:25.0.0] AndroidManifest.xml:25:5-20
MERGED from [com.android.support:support-fragment:25.0.0] AndroidManifest.xml:25:5-20
MERGED from [com.android.support:support-media-compat:25.0.0] AndroidManifest.xml:25:5-20
MERGED from [com.android.support:support-core-ui:25.0.0] AndroidManifest.xml:25:5-20
MERGED from [com.android.support:support-core-utils:25.0.0] AndroidManifest.xml:25:5-20
MERGED from [com.android.support:support-compat:25.0.0] AndroidManifest.xml:25:5-20
	android:hasCode
		ADDED from src\main\AndroidManifest.xml:3:114-136
	android:label
		ADDED from src\main\AndroidManifest.xml:3:16-48
	android:hardwareAccelerated
		ADDED from src\main\AndroidManifest.xml:3:79-113
	android:icon
		ADDED from src\main\AndroidManifest.xml:3:49-78
activity#com.epicgames.ue4.GameActivity
ADDED from src\main\AndroidManifest.xml:4:5-10:16
	android:screenOrientation
		ADDED from src\main\AndroidManifest.xml:4:262-299
	android:label
		ADDED from src\main\AndroidManifest.xml:4:61-93
	android:launchMode
		ADDED from src\main\AndroidManifest.xml:4:230-261
	android:debuggable
		ADDED from src\main\AndroidManifest.xml:4:300-325
	android:configChanges
		ADDED from src\main\AndroidManifest.xml:4:159-229
	android:theme
		ADDED from src\main\AndroidManifest.xml:4:94-158
	android:name
		ADDED from src\main\AndroidManifest.xml:4:15-60
meta-data#android.app.lib_name
ADDED from src\main\AndroidManifest.xml:5:7-76
	android:value
		ADDED from src\main\AndroidManifest.xml:5:54-73
	android:name
		ADDED from src\main\AndroidManifest.xml:5:18-53
intent-filter#android.intent.action.MAIN+android.intent.category.LAUNCHER
ADDED from src\main\AndroidManifest.xml:6:7-9:23
action#android.intent.action.MAIN
ADDED from src\main\AndroidManifest.xml:7:9-61
	android:name
		ADDED from src\main\AndroidManifest.xml:7:17-58
category#android.intent.category.LAUNCHER
ADDED from src\main\AndroidManifest.xml:8:9-69
	android:name
		ADDED from src\main\AndroidManifest.xml:8:19-66
activity#com.YourCompany.MobileTouchControl.DownloaderActivity
ADDED from src\main\AndroidManifest.xml:11:5-52
	android:name
		ADDED from src\main\AndroidManifest.xml:11:15-49
meta-data#com.epicgames.ue4.GameActivity.EngineVersion
ADDED from src\main\AndroidManifest.xml:12:5-101
	android:value
		ADDED from src\main\AndroidManifest.xml:12:76-98
	android:name
		ADDED from src\main\AndroidManifest.xml:12:16-75
meta-data#com.epicgames.ue4.GameActivity.DepthBufferPreference
ADDED from src\main\AndroidManifest.xml:13:5-104
	android:value
		ADDED from src\main\AndroidManifest.xml:13:84-101
	android:name
		ADDED from src\main\AndroidManifest.xml:13:16-83
meta-data#com.epicgames.ue4.GameActivity.bPackageDataInsideApk
ADDED from src\main\AndroidManifest.xml:14:5-108
	android:value
		ADDED from src\main\AndroidManifest.xml:14:84-105
	android:name
		ADDED from src\main\AndroidManifest.xml:14:16-83
meta-data#com.epicgames.ue4.GameActivity.bVerifyOBBOnStartUp
ADDED from src\main\AndroidManifest.xml:15:5-106
	android:value
		ADDED from src\main\AndroidManifest.xml:15:82-103
	android:name
		ADDED from src\main\AndroidManifest.xml:15:16-81
meta-data#com.epicgames.ue4.GameActivity.bShouldHideUI
ADDED from src\main\AndroidManifest.xml:16:5-100
	android:value
		ADDED from src\main\AndroidManifest.xml:16:76-97
	android:name
		ADDED from src\main\AndroidManifest.xml:16:16-75
meta-data#com.epicgames.ue4.GameActivity.ProjectName
ADDED from src\main\AndroidManifest.xml:17:5-111
	android:value
		ADDED from src\main\AndroidManifest.xml:17:74-108
	android:name
		ADDED from src\main\AndroidManifest.xml:17:16-73
meta-data#com.epicgames.ue4.GameActivity.bHasOBBFiles
ADDED from src\main\AndroidManifest.xml:18:5-98
	android:value
		ADDED from src\main\AndroidManifest.xml:18:75-95
	android:name
		ADDED from src\main\AndroidManifest.xml:18:16-74
meta-data#com.epicgames.ue4.GameActivity.BuildConfiguration
ADDED from src\main\AndroidManifest.xml:19:5-111
	android:value
		ADDED from src\main\AndroidManifest.xml:19:81-108
	android:name
		ADDED from src\main\AndroidManifest.xml:19:16-80
meta-data#com.epicgames.ue4.GameActivity.bUseExternalFilesDir
ADDED from src\main\AndroidManifest.xml:20:5-107
	android:value
		ADDED from src\main\AndroidManifest.xml:20:83-104
	android:name
		ADDED from src\main\AndroidManifest.xml:20:16-82
meta-data#com.google.android.gms.games.APP_ID
ADDED from src\main\AndroidManifest.xml:21:5-100
	android:value
		ADDED from src\main\AndroidManifest.xml:21:67-97
	android:name
		ADDED from src\main\AndroidManifest.xml:21:16-66
meta-data#com.google.android.gms.version
ADDED from src\main\AndroidManifest.xml:22:5-118
MERGED from [com.google.android.gms:play-services-basement:9.8.0] AndroidManifest.xml:20:9-121
	android:value
		ADDED from src\main\AndroidManifest.xml:22:62-115
	android:name
		ADDED from src\main\AndroidManifest.xml:22:16-61
activity#com.google.android.gms.ads.AdActivity
ADDED from src\main\AndroidManifest.xml:23:5-180
MERGED from [com.google.android.gms:play-services-ads-lite:9.8.0] AndroidManifest.xml:25:9-232
	android:configChanges
		ADDED from src\main\AndroidManifest.xml:23:68-177
	android:theme
		ADDED from [com.google.android.gms:play-services-ads-lite:9.8.0] AndroidManifest.xml:25:182-230
	android:name
		ADDED from src\main\AndroidManifest.xml:23:15-67
service#com.YourCompany.MobileTouchControl.OBBDownloaderService
ADDED from src\main\AndroidManifest.xml:24:5-52
	android:name
		ADDED from src\main\AndroidManifest.xml:24:14-49
receiver#com.YourCompany.MobileTouchControl.AlarmReceiver
ADDED from src\main\AndroidManifest.xml:25:5-46
	android:name
		ADDED from src\main\AndroidManifest.xml:25:15-43
receiver#com.epicgames.ue4.LocalNotificationReceiver
ADDED from src\main\AndroidManifest.xml:26:5-76
	android:name
		ADDED from src\main\AndroidManifest.xml:26:15-73
meta-data#android.max_aspect
ADDED from src\main\AndroidManifest.xml:27:5-73
	android:value
		ADDED from src\main\AndroidManifest.xml:27:50-70
	android:name
		ADDED from src\main\AndroidManifest.xml:27:16-49
uses-sdk
ADDED from src\main\AndroidManifest.xml:30:3-72
MERGED from [com.google.android.gms:play-services-ads:9.8.0] AndroidManifest.xml:17:5-42
MERGED from [com.google.android.gms:play-services-ads-lite:9.8.0] AndroidManifest.xml:22:5-42
MERGED from [com.google.android.gms:play-services-clearcut:9.8.0] AndroidManifest.xml:17:5-42
MERGED from [com.google.android.gms:play-services-gass:9.8.0] AndroidManifest.xml:3:5-42
MERGED from [com.google.android.gms:play-services-auth:9.8.0] AndroidManifest.xml:17:5-42
MERGED from [com.google.android.gms:play-services-auth-base:9.8.0] AndroidManifest.xml:4:5-42
MERGED from [com.google.android.gms:play-services-games:9.8.0] AndroidManifest.xml:17:5-42
MERGED from [com.google.android.gms:play-services-drive:9.8.0] AndroidManifest.xml:17:5-42
MERGED from [com.google.android.gms:play-services-nearby:9.8.0] AndroidManifest.xml:3:5-42
MERGED from [com.google.android.gms:play-services-plus:9.8.0] AndroidManifest.xml:17:5-42
MERGED from [com.google.android.gms:play-services-base:9.8.0] AndroidManifest.xml:17:5-42
MERGED from [com.google.android.gms:play-services-tasks:9.8.0] AndroidManifest.xml:3:5-42
MERGED from [com.google.android.gms:play-services-basement:9.8.0] AndroidManifest.xml:17:5-42
MERGED from [:downloader_library:unspecified] AndroidManifest.xml:7:5-9:41
MERGED from [:permission_library:unspecified] AndroidManifest.xml:5:5-7:41
MERGED from [com.android.support:support-v13:25.0.0] AndroidManifest.xml:21:5-23:55
MERGED from [com.android.support:support-v4:25.0.0] AndroidManifest.xml:21:5-23:54
MERGED from [com.android.support:support-fragment:25.0.0] AndroidManifest.xml:21:5-23:60
MERGED from [com.android.support:support-media-compat:25.0.0] AndroidManifest.xml:21:5-23:63
MERGED from [com.android.support:support-core-ui:25.0.0] AndroidManifest.xml:21:5-23:58
MERGED from [com.android.support:support-core-utils:25.0.0] AndroidManifest.xml:21:5-23:61
MERGED from [com.android.support:support-compat:25.0.0] AndroidManifest.xml:21:5-23:58
	tools:overrideLibrary
		ADDED from [com.android.support:support-v13:25.0.0] AndroidManifest.xml:23:9-52
	android:targetSdkVersion
		ADDED from src\main\AndroidManifest.xml:30:40-69
		INJECTED from src\main\AndroidManifest.xml
		INJECTED from src\main\AndroidManifest.xml
	android:minSdkVersion
		ADDED from src\main\AndroidManifest.xml:30:13-39
		INJECTED from src\main\AndroidManifest.xml
		INJECTED from src\main\AndroidManifest.xml
uses-feature#0x00020000
ADDED from src\main\AndroidManifest.xml:31:3-76
	android:glEsVersion
		ADDED from src\main\AndroidManifest.xml:31:17-49
	android:required
		ADDED from src\main\AndroidManifest.xml:31:50-73
uses-permission#android.permission.INTERNET
ADDED from src\main\AndroidManifest.xml:32:3-65
MERGED from [com.google.android.gms:play-services-ads-lite:9.8.0] AndroidManifest.xml:19:5-66
	android:name
		ADDED from src\main\AndroidManifest.xml:32:20-62
uses-permission#android.permission.WRITE_EXTERNAL_STORAGE
ADDED from src\main\AndroidManifest.xml:33:3-79
	android:name
		ADDED from src\main\AndroidManifest.xml:33:20-76
uses-permission#android.permission.ACCESS_NETWORK_STATE
ADDED from src\main\AndroidManifest.xml:34:3-77
MERGED from [com.google.android.gms:play-services-ads-lite:9.8.0] AndroidManifest.xml:20:5-78
MERGED from [com.google.android.gms:play-services-nearby:9.8.0] AndroidManifest.xml:4:5-78
	android:name
		ADDED from src\main\AndroidManifest.xml:34:20-74
uses-permission#android.permission.WAKE_LOCK
ADDED from src\main\AndroidManifest.xml:35:3-66
	android:name
		ADDED from src\main\AndroidManifest.xml:35:20-63
uses-permission#com.android.vending.CHECK_LICENSE
ADDED from src\main\AndroidManifest.xml:36:3-71
	android:name
		ADDED from src\main\AndroidManifest.xml:36:20-68
uses-permission#android.permission.ACCESS_WIFI_STATE
ADDED from src\main\AndroidManifest.xml:37:3-74
	android:name
		ADDED from src\main\AndroidManifest.xml:37:20-71
uses-permission#android.permission.MODIFY_AUDIO_SETTINGS
ADDED from src\main\AndroidManifest.xml:38:3-78
	android:name
		ADDED from src\main\AndroidManifest.xml:38:20-75
uses-permission#android.permission.VIBRATE
ADDED from src\main\AndroidManifest.xml:39:3-64
	android:name
		ADDED from src\main\AndroidManifest.xml:39:20-61
supports-gl-texture#GL_AMD_compressed_ATC_texture
ADDED from src\main\AndroidManifest.xml:41:3-71
	android:name
		ADDED from src\main\AndroidManifest.xml:41:24-68
supports-gl-texture#GL_ATI_texture_compression_atitc
ADDED from src\main\AndroidManifest.xml:42:3-74
	android:name
		ADDED from src\main\AndroidManifest.xml:42:24-71
activity#com.google.android.gms.ads.purchase.InAppPurchaseActivity
ADDED from [com.google.android.gms:play-services-ads-lite:9.8.0] AndroidManifest.xml:26:9-131
	android:theme
		ADDED from [com.google.android.gms:play-services-ads-lite:9.8.0] AndroidManifest.xml:26:92-129
	android:name
		ADDED from [com.google.android.gms:play-services-ads-lite:9.8.0] AndroidManifest.xml:26:19-91
activity#com.google.android.gms.auth.api.signin.internal.SignInHubActivity
ADDED from [com.google.android.gms:play-services-auth:9.8.0] AndroidManifest.xml:20:9-189
	android:excludeFromRecents
		ADDED from [com.google.android.gms:play-services-auth:9.8.0] AndroidManifest.xml:20:129-162
	android:exported
		ADDED from [com.google.android.gms:play-services-auth:9.8.0] AndroidManifest.xml:20:163-187
	android:theme
		ADDED from [com.google.android.gms:play-services-auth:9.8.0] AndroidManifest.xml:20:69-128
	android:name
		ADDED from [com.google.android.gms:play-services-auth:9.8.0] AndroidManifest.xml:20:19-68
service#com.google.android.gms.auth.api.signin.RevocationBoundService
ADDED from [com.google.android.gms:play-services-auth:9.8.0] AndroidManifest.xml:24:9-184
	android:exported
		ADDED from [com.google.android.gms:play-services-auth:9.8.0] AndroidManifest.xml:24:64-87
	android:permission
		ADDED from [com.google.android.gms:play-services-auth:9.8.0] AndroidManifest.xml:24:88-182
	android:name
		ADDED from [com.google.android.gms:play-services-auth:9.8.0] AndroidManifest.xml:24:18-63
activity#com.google.android.gms.common.api.GoogleApiActivity
ADDED from [com.google.android.gms:play-services-base:9.8.0] AndroidManifest.xml:19:9-172
	android:exported
		ADDED from [com.google.android.gms:play-services-base:9.8.0] AndroidManifest.xml:19:146-170
	android:theme
		ADDED from [com.google.android.gms:play-services-base:9.8.0] AndroidManifest.xml:19:86-145
	android:name
		ADDED from [com.google.android.gms:play-services-base:9.8.0] AndroidManifest.xml:19:19-85